<?xml version="1.0" encoding="UTF-8"?>
<testng-results skipped="0" failed="0" ignored="0" total="1" passed="1">
  <reporter-output>
  </reporter-output>
  <suite name="Default suite" duration-ms="24280" started-at="2021-06-26T23:03:53 IST" finished-at="2021-06-26T23:04:18 IST">
    <groups>
      <group name="cucumber">
        <method signature="AbstractTestNGCucumberTests.runScenario(io.cucumber.testng.PickleWrapper, io.cucumber.testng.FeatureWrapper)[pri:0, instance:TestRunner.RunCucumberTest@27a8c74e]" name="runScenario" class="io.cucumber.testng.AbstractTestNGCucumberTests"/>
      </group> <!-- cucumber -->
    </groups>
    <test name="Default test" duration-ms="24280" started-at="2021-06-26T23:03:53 IST" finished-at="2021-06-26T23:04:18 IST">
      <class name="TestRunner.RunCucumberTest">
        <test-method status="PASS" signature="setUpClass()[pri:0, instance:TestRunner.RunCucumberTest@27a8c74e]" name="setUpClass" is-config="true" duration-ms="752" started-at="2021-06-26T23:03:53 IST" finished-at="2021-06-26T23:03:54 IST">
          <reporter-output>
          </reporter-output>
        </test-method> <!-- setUpClass -->
        <test-method status="PASS" signature="runScenario(io.cucumber.testng.PickleWrapper, io.cucumber.testng.FeatureWrapper)[pri:0, instance:TestRunner.RunCucumberTest@27a8c74e]" name="runScenario" duration-ms="23235" started-at="2021-06-26T23:03:54 IST" description="Runs Cucumber Scenarios" data-provider="scenarios" finished-at="2021-06-26T23:04:17 IST">
          <params>
            <param index="0">
              <value>
                <![CDATA["Data table simple"]]>
              </value>
            </param>
            <param index="1">
              <value>
                <![CDATA["Optional[Login Test]"]]>
              </value>
            </param>
          </params>
          <reporter-output>
          </reporter-output>
        </test-method> <!-- runScenario -->
        <test-method status="PASS" signature="tearDownClass()[pri:0, instance:TestRunner.RunCucumberTest@27a8c74e]" name="tearDownClass" is-config="true" duration-ms="233" started-at="2021-06-26T23:04:17 IST" finished-at="2021-06-26T23:04:18 IST">
          <reporter-output>
          </reporter-output>
        </test-method> <!-- tearDownClass -->
      </class> <!-- TestRunner.RunCucumberTest -->
    </test> <!-- Default test -->
  </suite> <!-- Default suite -->
</testng-results>
