<?xml version="1.0" encoding="UTF-8"?>
<testng-results ignored="0" total="1" passed="1" failed="0" skipped="0">
  <reporter-output>
  </reporter-output>
  <suite started-at="2022-02-28T22:56:37 IST" name="Default suite" finished-at="2022-02-28T22:57:36 IST" duration-ms="58676">
    <groups>
      <group name="cucumber">
        <method signature="AbstractTestNGCucumberTests.runScenario(io.cucumber.testng.PickleWrapper,io.cucumber.testng.FeatureWrapper)[pri:0, instance:TestRunner.RunCucumberTest@316bcf94]" name="runScenario" class="io.cucumber.testng.AbstractTestNGCucumberTests"/>
      </group> <!-- cucumber -->
    </groups>
    <test started-at="2022-02-28T22:56:37 IST" name="Default test" finished-at="2022-02-28T22:57:36 IST" duration-ms="58676">
      <class name="TestRunner.RunCucumberTest">
        <test-method is-config="true" signature="setUpClass()[pri:0, instance:TestRunner.RunCucumberTest@316bcf94]" started-at="2022-02-28T22:56:37 IST" name="setUpClass" finished-at="2022-02-28T22:56:38 IST" duration-ms="433" status="PASS">
          <reporter-output>
          </reporter-output>
        </test-method> <!-- setUpClass -->
        <test-method signature="runScenario(io.cucumber.testng.PickleWrapper,io.cucumber.testng.FeatureWrapper)[pri:0, instance:TestRunner.RunCucumberTest@316bcf94]" started-at="2022-02-28T22:56:38 IST" name="runScenario" description="Runs Cucumber Scenarios" data-provider="scenarios" finished-at="2022-02-28T22:57:36 IST" duration-ms="58117" status="PASS">
          <params>
            <param index="0">
              <value>
                <![CDATA["Data table simple"]]>
              </value>
            </param>
            <param index="1">
              <value>
                <![CDATA["Optional[Login Test]"]]>
              </value>
            </param>
          </params>
          <reporter-output>
          </reporter-output>
        </test-method> <!-- runScenario -->
        <test-method is-config="true" signature="tearDownClass()[pri:0, instance:TestRunner.RunCucumberTest@316bcf94]" started-at="2022-02-28T22:57:36 IST" name="tearDownClass" finished-at="2022-02-28T22:57:36 IST" duration-ms="89" status="PASS">
          <reporter-output>
          </reporter-output>
        </test-method> <!-- tearDownClass -->
      </class> <!-- TestRunner.RunCucumberTest -->
    </test> <!-- Default test -->
  </suite> <!-- Default suite -->
</testng-results>
