<?xml version="1.0" encoding="UTF-8"?>
<!-- Generated by org.testng.reporters.JUnitXMLReporter -->
<testsuite hostname="IN04328" ignored="0" name="Test" tests="5" failures="0" timestamp="2021-05-29T21:41:13 IST" time="219.691" errors="0">
  <testcase name="LoginAccount" time="14.881" classname="Pages.LoginPageParametesTest"/>
  <testcase name="LoginAccount" time="14.623" classname="Pages.DataProviderTest1"/>
  <testcase name="LoginAccount" time="14.57" classname="Pages.DataProviderTest1"/>
  <testcase name="LoginAccount" time="14.616" classname="Pages.DataProviderTest1"/>
  <testcase name="LoginAccount" time="14.685" classname="Pages.DataProviderTest1"/>
</testsuite> <!-- Test -->
